[2019-12-06 07:47:33,652] DEBUG preRegister called. Server=com.sun.jmx.mbeanserver.JmxMBeanServer@66d3c617, name=log4j:logger=kafka.controller (kafka.controller)
[2019-12-06 07:47:46,257] INFO [ControllerEventThread controllerId=0] Starting (kafka.controller.ControllerEventManager$ControllerEventThread)
[2019-12-06 07:47:46,367] INFO [Controller id=0] 0 successfully elected as the controller. Epoch incremented to 1 and epoch zk version is now 1 (kafka.controller.KafkaController)
[2019-12-06 07:47:46,367] INFO [Controller id=0] Registering handlers (kafka.controller.KafkaController)
[2019-12-06 07:47:46,374] INFO [Controller id=0] Deleting log dir event notifications (kafka.controller.KafkaController)
[2019-12-06 07:47:46,378] INFO [Controller id=0] Deleting isr change notifications (kafka.controller.KafkaController)
[2019-12-06 07:47:46,383] INFO [Controller id=0] Initializing controller context (kafka.controller.KafkaController)
[2019-12-06 07:47:46,483] INFO [Controller id=0] Initialized broker epochs cache: Map(0 -> 24) (kafka.controller.KafkaController)
[2019-12-06 07:47:46,491] DEBUG [Controller id=0] Register BrokerModifications handler for Set(0) (kafka.controller.KafkaController)
[2019-12-06 07:47:46,500] DEBUG [Channel manager on controller 0]: Controller 0 trying to connect to broker 0 (kafka.controller.ControllerChannelManager)
[2019-12-06 07:47:46,532] INFO [Controller id=0] Partitions being reassigned: Map() (kafka.controller.KafkaController)
[2019-12-06 07:47:46,534] INFO [Controller id=0] Currently active brokers in the cluster: Set(0) (kafka.controller.KafkaController)
[2019-12-06 07:47:46,534] INFO [Controller id=0] Currently shutting brokers in the cluster: Set() (kafka.controller.KafkaController)
[2019-12-06 07:47:46,535] INFO [Controller id=0] Current list of topics in the cluster: Set() (kafka.controller.KafkaController)
[2019-12-06 07:47:46,535] INFO [Controller id=0] Fetching topic deletions in progress (kafka.controller.KafkaController)
[2019-12-06 07:47:46,539] INFO [Controller id=0] List of topics to be deleted:  (kafka.controller.KafkaController)
[2019-12-06 07:47:46,540] INFO [Controller id=0] List of topics ineligible for deletion:  (kafka.controller.KafkaController)
[2019-12-06 07:47:46,540] INFO [Controller id=0] Initializing topic deletion manager (kafka.controller.KafkaController)
[2019-12-06 07:47:46,541] INFO [Topic Deletion Manager 0] Initializing manager with initial deletions: Set(), initial ineligible deletions: Set() (kafka.controller.TopicDeletionManager)
[2019-12-06 07:47:46,542] INFO [Controller id=0] Sending update metadata request (kafka.controller.KafkaController)
[2019-12-06 07:47:46,557] INFO [RequestSendThread controllerId=0] Starting (kafka.controller.RequestSendThread)
[2019-12-06 07:47:46,558] INFO [ReplicaStateMachine controllerId=0] Initializing replica state (kafka.controller.ZkReplicaStateMachine)
[2019-12-06 07:47:46,561] INFO [ReplicaStateMachine controllerId=0] Triggering online replica state changes (kafka.controller.ZkReplicaStateMachine)
[2019-12-06 07:47:46,583] INFO [RequestSendThread controllerId=0] Controller 0 connected to DESKTOP-2C0H6IK:9092 (id: 0 rack: null) for sending state change requests (kafka.controller.RequestSendThread)
[2019-12-06 07:47:46,588] INFO [ReplicaStateMachine controllerId=0] Triggering offline replica state changes (kafka.controller.ZkReplicaStateMachine)
[2019-12-06 07:47:46,589] DEBUG [ReplicaStateMachine controllerId=0] Started replica state machine with initial state -> Map() (kafka.controller.ZkReplicaStateMachine)
[2019-12-06 07:47:46,590] INFO [PartitionStateMachine controllerId=0] Initializing partition state (kafka.controller.ZkPartitionStateMachine)
[2019-12-06 07:47:46,592] INFO [PartitionStateMachine controllerId=0] Triggering online partition state changes (kafka.controller.ZkPartitionStateMachine)
[2019-12-06 07:47:46,600] DEBUG [PartitionStateMachine controllerId=0] Started partition state machine with initial state -> Map() (kafka.controller.ZkPartitionStateMachine)
[2019-12-06 07:47:46,600] INFO [Controller id=0] Ready to serve as the new controller with epoch 1 (kafka.controller.KafkaController)
[2019-12-06 07:47:46,604] INFO [Controller id=0] Removing partitions Set() from the list of reassigned partitions in zookeeper (kafka.controller.KafkaController)
[2019-12-06 07:47:46,604] INFO [Controller id=0] No more partitions need to be reassigned. Deleting zk path /admin/reassign_partitions (kafka.controller.KafkaController)
[2019-12-06 07:47:46,613] INFO [Controller id=0] Partitions undergoing preferred replica election:  (kafka.controller.KafkaController)
[2019-12-06 07:47:46,613] INFO [Controller id=0] Partitions that completed preferred replica election:  (kafka.controller.KafkaController)
[2019-12-06 07:47:46,614] INFO [Controller id=0] Skipping preferred replica election for partitions due to topic deletion:  (kafka.controller.KafkaController)
[2019-12-06 07:47:46,615] INFO [Controller id=0] Resuming preferred replica election for partitions:  (kafka.controller.KafkaController)
[2019-12-06 07:47:46,616] INFO [Controller id=0] Starting preferred replica leader election for partitions  (kafka.controller.KafkaController)
[2019-12-06 07:47:46,718] INFO [Controller id=0] Starting the controller scheduler (kafka.controller.KafkaController)
[2019-12-06 07:47:51,729] INFO [Controller id=0] Processing automatic preferred replica leader election (kafka.controller.KafkaController)
[2019-12-06 07:47:51,730] TRACE [Controller id=0] Checking need to trigger auto leader balancing (kafka.controller.KafkaController)
[2019-12-06 07:47:51,732] DEBUG [Controller id=0] Preferred replicas by broker Map() (kafka.controller.KafkaController)
[2019-12-06 07:48:12,766] INFO [Controller id=0] New topics: [Set(sensorsRawData)], deleted topics: [Set()], new partition replica assignment [Map(sensorsRawData-0 -> Vector(0))] (kafka.controller.KafkaController)
[2019-12-06 07:48:12,766] INFO [Controller id=0] New partition creation callback for sensorsRawData-0 (kafka.controller.KafkaController)
[2019-12-06 07:52:51,733] INFO [Controller id=0] Processing automatic preferred replica leader election (kafka.controller.KafkaController)
[2019-12-06 07:52:51,733] TRACE [Controller id=0] Checking need to trigger auto leader balancing (kafka.controller.KafkaController)
[2019-12-06 07:52:51,733] DEBUG [Controller id=0] Preferred replicas by broker Map(0 -> Map(sensorsRawData-0 -> Vector(0))) (kafka.controller.KafkaController)
[2019-12-06 07:52:51,735] DEBUG [Controller id=0] Topics not in preferred replica for broker 0 Map() (kafka.controller.KafkaController)
[2019-12-06 07:52:51,735] TRACE [Controller id=0] Leader imbalance ratio for broker 0 is 0.0 (kafka.controller.KafkaController)
[2019-12-06 07:57:51,736] INFO [Controller id=0] Processing automatic preferred replica leader election (kafka.controller.KafkaController)
[2019-12-06 07:57:51,736] TRACE [Controller id=0] Checking need to trigger auto leader balancing (kafka.controller.KafkaController)
[2019-12-06 07:57:51,736] DEBUG [Controller id=0] Preferred replicas by broker Map(0 -> Map(sensorsRawData-0 -> Vector(0))) (kafka.controller.KafkaController)
[2019-12-06 07:57:51,737] DEBUG [Controller id=0] Topics not in preferred replica for broker 0 Map() (kafka.controller.KafkaController)
[2019-12-06 07:57:51,737] TRACE [Controller id=0] Leader imbalance ratio for broker 0 is 0.0 (kafka.controller.KafkaController)
[2019-12-06 07:57:51,827] INFO [Controller id=0] Shutting down broker 0 (kafka.controller.KafkaController)
[2019-12-06 07:57:51,828] DEBUG [Controller id=0] All shutting down brokers: 0 (kafka.controller.KafkaController)
[2019-12-06 07:57:51,828] DEBUG [Controller id=0] Live brokers:  (kafka.controller.KafkaController)
[2019-12-06 07:57:51,832] TRACE [Controller id=0] All leaders = sensorsRawData-0 -> (Leader:0,ISR:0,LeaderEpoch:0,ControllerEpoch:1) (kafka.controller.KafkaController)
[2019-12-06 07:57:57,717] INFO [ControllerEventThread controllerId=0] Shutting down (kafka.controller.ControllerEventManager$ControllerEventThread)
[2019-12-06 07:57:57,718] INFO [ControllerEventThread controllerId=0] Stopped (kafka.controller.ControllerEventManager$ControllerEventThread)
[2019-12-06 07:57:57,718] INFO [ControllerEventThread controllerId=0] Shutdown completed (kafka.controller.ControllerEventManager$ControllerEventThread)
[2019-12-06 07:57:57,719] DEBUG [Controller id=0] Resigning (kafka.controller.KafkaController)
[2019-12-06 07:57:57,720] DEBUG [Controller id=0] Unregister BrokerModifications handler for Set(0) (kafka.controller.KafkaController)
[2019-12-06 07:57:57,746] INFO [PartitionStateMachine controllerId=0] Stopped partition state machine (kafka.controller.ZkPartitionStateMachine)
[2019-12-06 07:57:57,748] INFO [ReplicaStateMachine controllerId=0] Stopped replica state machine (kafka.controller.ZkReplicaStateMachine)
[2019-12-06 07:57:57,749] INFO [RequestSendThread controllerId=0] Shutting down (kafka.controller.RequestSendThread)
[2019-12-06 07:57:57,749] INFO [RequestSendThread controllerId=0] Stopped (kafka.controller.RequestSendThread)
[2019-12-06 07:57:57,749] INFO [RequestSendThread controllerId=0] Shutdown completed (kafka.controller.RequestSendThread)
[2019-12-06 07:57:57,752] INFO [Controller id=0] Resigned (kafka.controller.KafkaController)
