[2019-11-21 11:15:42,956] INFO Starting the log cleaner (kafka.log.LogCleaner)
[2019-11-21 11:15:43,049] INFO [kafka-log-cleaner-thread-0]: Starting (kafka.log.LogCleaner)
[2019-11-21 13:57:15,213] INFO Cleaner 0: Beginning cleaning of log __consumer_offsets-16. (kafka.log.LogCleaner)
[2019-11-21 13:57:15,254] INFO Cleaner 0: Building offset map for __consumer_offsets-16... (kafka.log.LogCleaner)
[2019-11-21 13:57:15,388] INFO Cleaner 0: Building offset map for log __consumer_offsets-16 for 1 segments in offset range [0, 413). (kafka.log.LogCleaner)
[2019-11-21 13:57:15,488] INFO Cleaner 0: Offset map for log __consumer_offsets-16 complete. (kafka.log.LogCleaner)
[2019-11-21 13:57:15,505] INFO Cleaner 0: Cleaning log __consumer_offsets-16 (cleaning prior to Thu Nov 21 13:21:21 IST 2019, discarding tombstones prior to Thu Jan 01 02:00:00 IST 1970)... (kafka.log.LogCleaner)
[2019-11-21 13:57:15,511] INFO Cleaner 0: Cleaning segment 0 in log __consumer_offsets-16 (largest timestamp Thu Nov 21 13:21:21 IST 2019) into 0, retaining deletes. (kafka.log.LogCleaner)
[2019-11-21 13:57:15,772] INFO Cleaner 0: Swapping in cleaned segment LogSegment(baseOffset=0, size=1307) for segment(s) List(LogSegment(baseOffset=0, size=59404)) in log Log(B:\tmp\kafka-logs\__consumer_offsets-16) (kafka.log.LogCleaner)
[2019-11-21 13:57:15,937] INFO Cleaner 0: Beginning cleaning of log __consumer_offsets-16. (kafka.log.LogCleaner)
[2019-11-21 13:57:15,937] INFO Cleaner 0: Building offset map for __consumer_offsets-16... (kafka.log.LogCleaner)
[2019-11-21 13:57:15,991] INFO Cleaner 0: Building offset map for log __consumer_offsets-16 for 1 segments in offset range [0, 413). (kafka.log.LogCleaner)
[2019-11-21 13:57:16,005] INFO Cleaner 0: Offset map for log __consumer_offsets-16 complete. (kafka.log.LogCleaner)
[2019-11-21 13:57:16,014] INFO Cleaner 0: Cleaning log __consumer_offsets-16 (cleaning prior to Thu Nov 21 13:21:21 IST 2019, discarding tombstones prior to Thu Jan 01 02:00:00 IST 1970)... (kafka.log.LogCleaner)
[2019-11-21 13:57:16,086] INFO Cleaner 0: Beginning cleaning of log __consumer_offsets-16. (kafka.log.LogCleaner)
[2019-11-21 13:57:16,086] INFO Cleaner 0: Building offset map for __consumer_offsets-16... (kafka.log.LogCleaner)
[2019-11-21 13:57:16,108] INFO Cleaner 0: Building offset map for log __consumer_offsets-16 for 1 segments in offset range [0, 413). (kafka.log.LogCleaner)
[2019-11-21 13:58:24,107] INFO Starting the log cleaner (kafka.log.LogCleaner)
[2019-11-21 13:58:24,220] INFO [kafka-log-cleaner-thread-0]: Starting (kafka.log.LogCleaner)
[2019-11-21 13:58:24,284] INFO Cleaner 0: Beginning cleaning of log __consumer_offsets-16. (kafka.log.LogCleaner)
[2019-11-21 13:58:24,285] INFO Cleaner 0: Building offset map for __consumer_offsets-16... (kafka.log.LogCleaner)
[2019-11-21 13:58:24,306] INFO Cleaner 0: Building offset map for log __consumer_offsets-16 for 1 segments in offset range [0, 413). (kafka.log.LogCleaner)
[2019-11-21 13:58:24,356] INFO Cleaner 0: Offset map for log __consumer_offsets-16 complete. (kafka.log.LogCleaner)
[2019-11-21 13:58:24,363] INFO Cleaner 0: Cleaning log __consumer_offsets-16 (cleaning prior to Thu Nov 21 13:21:21 IST 2019, discarding tombstones prior to Thu Jan 01 02:00:00 IST 1970)... (kafka.log.LogCleaner)
[2019-11-21 13:58:24,367] INFO Cleaner 0: Cleaning segment 0 in log __consumer_offsets-16 (largest timestamp Thu Nov 21 13:21:21 IST 2019) into 0, retaining deletes. (kafka.log.LogCleaner)
[2019-11-21 13:58:24,588] INFO Cleaner 0: Swapping in cleaned segment LogSegment(baseOffset=0, size=1307) for segment(s) List(LogSegment(baseOffset=0, size=59404)) in log Log(B:\tmp\kafka-logs\__consumer_offsets-16) (kafka.log.LogCleaner)
[2019-11-21 13:58:24,682] INFO Cleaner 0: Beginning cleaning of log __consumer_offsets-16. (kafka.log.LogCleaner)
[2019-11-21 13:58:24,682] INFO Cleaner 0: Building offset map for __consumer_offsets-16... (kafka.log.LogCleaner)
[2019-11-21 13:58:24,702] INFO Cleaner 0: Building offset map for log __consumer_offsets-16 for 1 segments in offset range [0, 413). (kafka.log.LogCleaner)
[2019-11-21 13:58:24,725] INFO Cleaner 0: Offset map for log __consumer_offsets-16 complete. (kafka.log.LogCleaner)
[2019-11-21 13:58:24,725] INFO Cleaner 0: Cleaning log __consumer_offsets-16 (cleaning prior to Thu Nov 21 13:21:21 IST 2019, discarding tombstones prior to Thu Jan 01 02:00:00 IST 1970)... (kafka.log.LogCleaner)
[2019-11-21 13:58:24,727] INFO Cleaner 0: Cleaning segment 0 in log __consumer_offsets-16 (largest timestamp Thu Nov 21 13:21:21 IST 2019) into 0, retaining deletes. (kafka.log.LogCleaner)
[2019-11-21 13:58:24,976] INFO Cleaner 0: Swapping in cleaned segment LogSegment(baseOffset=0, size=1307) for segment(s) List(LogSegment(baseOffset=0, size=59404)) in log Log(B:\tmp\kafka-logs\__consumer_offsets-16) (kafka.log.LogCleaner)
[2019-11-21 13:58:25,053] INFO Cleaner 0: Beginning cleaning of log __consumer_offsets-16. (kafka.log.LogCleaner)
[2019-11-21 13:58:25,053] INFO Cleaner 0: Building offset map for __consumer_offsets-16... (kafka.log.LogCleaner)
[2019-11-21 13:58:25,069] INFO Cleaner 0: Building offset map for log __consumer_offsets-16 for 1 segments in offset range [0, 413). (kafka.log.LogCleaner)
[2019-11-21 13:58:25,072] INFO Cleaner 0: Offset map for log __consumer_offsets-16 complete. (kafka.log.LogCleaner)
[2019-11-21 13:58:25,073] INFO Cleaner 0: Cleaning log __consumer_offsets-16 (cleaning prior to Thu Nov 21 13:21:21 IST 2019, discarding tombstones prior to Thu Jan 01 02:00:00 IST 1970)... (kafka.log.LogCleaner)
[2019-11-21 13:58:25,261] INFO Cleaner 0: Beginning cleaning of log __consumer_offsets-16. (kafka.log.LogCleaner)
[2019-11-21 13:58:25,261] INFO Cleaner 0: Building offset map for __consumer_offsets-16... (kafka.log.LogCleaner)
[2019-11-21 13:58:25,282] INFO Cleaner 0: Building offset map for log __consumer_offsets-16 for 1 segments in offset range [0, 413). (kafka.log.LogCleaner)
[2019-11-21 13:58:25,284] INFO Cleaner 0: Offset map for log __consumer_offsets-16 complete. (kafka.log.LogCleaner)
[2019-11-21 13:58:25,284] INFO Cleaner 0: Cleaning log __consumer_offsets-16 (cleaning prior to Thu Nov 21 13:21:21 IST 2019, discarding tombstones prior to Thu Jan 01 02:00:00 IST 1970)... (kafka.log.LogCleaner)
[2019-11-21 13:58:25,355] INFO Cleaner 0: Beginning cleaning of log __consumer_offsets-16. (kafka.log.LogCleaner)
[2019-11-21 13:58:25,355] INFO Cleaner 0: Building offset map for __consumer_offsets-16... (kafka.log.LogCleaner)
[2019-11-21 13:58:25,374] INFO Cleaner 0: Building offset map for log __consumer_offsets-16 for 1 segments in offset range [0, 413). (kafka.log.LogCleaner)
[2019-11-21 13:58:25,376] INFO Cleaner 0: Offset map for log __consumer_offsets-16 complete. (kafka.log.LogCleaner)
[2019-11-21 13:58:25,376] INFO Cleaner 0: Cleaning log __consumer_offsets-16 (cleaning prior to Thu Nov 21 13:21:21 IST 2019, discarding tombstones prior to Thu Jan 01 02:00:00 IST 1970)... (kafka.log.LogCleaner)
[2019-11-21 13:58:25,435] INFO Cleaner 0: Beginning cleaning of log __consumer_offsets-16. (kafka.log.LogCleaner)
[2019-11-21 13:58:25,435] INFO Cleaner 0: Building offset map for __consumer_offsets-16... (kafka.log.LogCleaner)
[2019-11-21 13:58:25,450] INFO Cleaner 0: Building offset map for log __consumer_offsets-16 for 1 segments in offset range [0, 413). (kafka.log.LogCleaner)
[2019-11-21 13:58:25,455] INFO Cleaner 0: Offset map for log __consumer_offsets-16 complete. (kafka.log.LogCleaner)
[2019-11-21 13:58:25,455] INFO Cleaner 0: Cleaning log __consumer_offsets-16 (cleaning prior to Thu Nov 21 13:21:21 IST 2019, discarding tombstones prior to Thu Jan 01 02:00:00 IST 1970)... (kafka.log.LogCleaner)
[2019-11-21 13:58:25,529] INFO Cleaner 0: Beginning cleaning of log __consumer_offsets-16. (kafka.log.LogCleaner)
[2019-11-21 13:58:25,529] INFO Cleaner 0: Building offset map for __consumer_offsets-16... (kafka.log.LogCleaner)
[2019-11-21 13:58:25,550] INFO Cleaner 0: Building offset map for log __consumer_offsets-16 for 1 segments in offset range [0, 413). (kafka.log.LogCleaner)
[2019-11-21 13:58:25,552] INFO Cleaner 0: Offset map for log __consumer_offsets-16 complete. (kafka.log.LogCleaner)
[2019-11-21 13:58:25,553] INFO Cleaner 0: Cleaning log __consumer_offsets-16 (cleaning prior to Thu Nov 21 13:21:21 IST 2019, discarding tombstones prior to Thu Jan 01 02:00:00 IST 1970)... (kafka.log.LogCleaner)
[2019-11-22 18:00:07,748] INFO Starting the log cleaner (kafka.log.LogCleaner)
[2019-11-22 18:00:07,976] INFO [kafka-log-cleaner-thread-0]: Starting (kafka.log.LogCleaner)
[2019-11-22 18:00:08,031] INFO Cleaner 0: Beginning cleaning of log __consumer_offsets-16. (kafka.log.LogCleaner)
[2019-11-22 18:00:08,032] INFO Cleaner 0: Building offset map for __consumer_offsets-16... (kafka.log.LogCleaner)
[2019-11-22 18:00:08,052] INFO Cleaner 0: Building offset map for log __consumer_offsets-16 for 1 segments in offset range [0, 413). (kafka.log.LogCleaner)
[2019-11-22 18:00:08,103] INFO Cleaner 0: Offset map for log __consumer_offsets-16 complete. (kafka.log.LogCleaner)
[2019-11-22 18:00:08,109] INFO Cleaner 0: Cleaning log __consumer_offsets-16 (cleaning prior to Thu Nov 21 13:21:21 IST 2019, discarding tombstones prior to Thu Jan 01 02:00:00 IST 1970)... (kafka.log.LogCleaner)
[2019-11-22 18:00:08,131] INFO Cleaner 0: Cleaning segment 0 in log __consumer_offsets-16 (largest timestamp Thu Nov 21 13:21:21 IST 2019) into 0, retaining deletes. (kafka.log.LogCleaner)
[2019-11-22 18:00:08,231] INFO Cleaner 0: Swapping in cleaned segment LogSegment(baseOffset=0, size=1307) for segment(s) List(LogSegment(baseOffset=0, size=59404)) in log Log(B:\tmp\kafka-logs\__consumer_offsets-16) (kafka.log.LogCleaner)
[2019-11-22 18:00:08,321] INFO Cleaner 0: Beginning cleaning of log __consumer_offsets-16. (kafka.log.LogCleaner)
[2019-11-22 18:00:08,321] INFO Cleaner 0: Building offset map for __consumer_offsets-16... (kafka.log.LogCleaner)
[2019-11-22 18:00:08,341] INFO Cleaner 0: Building offset map for log __consumer_offsets-16 for 1 segments in offset range [0, 413). (kafka.log.LogCleaner)
[2019-11-22 18:00:08,354] INFO Cleaner 0: Offset map for log __consumer_offsets-16 complete. (kafka.log.LogCleaner)
[2019-11-22 18:00:08,354] INFO Cleaner 0: Cleaning log __consumer_offsets-16 (cleaning prior to Thu Nov 21 13:21:21 IST 2019, discarding tombstones prior to Thu Jan 01 02:00:00 IST 1970)... (kafka.log.LogCleaner)
[2019-11-22 18:00:08,497] INFO Cleaner 0: Beginning cleaning of log __consumer_offsets-16. (kafka.log.LogCleaner)
[2019-11-22 18:00:08,497] INFO Cleaner 0: Building offset map for __consumer_offsets-16... (kafka.log.LogCleaner)
[2019-11-22 18:00:08,511] INFO Cleaner 0: Building offset map for log __consumer_offsets-16 for 1 segments in offset range [0, 413). (kafka.log.LogCleaner)
[2019-11-22 18:00:08,517] INFO Cleaner 0: Offset map for log __consumer_offsets-16 complete. (kafka.log.LogCleaner)
[2019-11-22 18:00:08,518] INFO Cleaner 0: Cleaning log __consumer_offsets-16 (cleaning prior to Thu Nov 21 13:21:21 IST 2019, discarding tombstones prior to Thu Jan 01 02:00:00 IST 1970)... (kafka.log.LogCleaner)
[2019-11-22 18:00:08,587] INFO Cleaner 0: Beginning cleaning of log __consumer_offsets-16. (kafka.log.LogCleaner)
[2019-11-22 18:00:08,587] INFO Cleaner 0: Building offset map for __consumer_offsets-16... (kafka.log.LogCleaner)
[2019-11-22 18:00:08,604] INFO Cleaner 0: Building offset map for log __consumer_offsets-16 for 1 segments in offset range [0, 413). (kafka.log.LogCleaner)
[2019-11-22 18:00:08,607] INFO Cleaner 0: Offset map for log __consumer_offsets-16 complete. (kafka.log.LogCleaner)
[2019-11-22 18:00:08,607] INFO Cleaner 0: Cleaning log __consumer_offsets-16 (cleaning prior to Thu Nov 21 13:21:21 IST 2019, discarding tombstones prior to Thu Jan 01 02:00:00 IST 1970)... (kafka.log.LogCleaner)
[2019-11-22 18:00:08,609] INFO Cleaner 0: Cleaning segment 0 in log __consumer_offsets-16 (largest timestamp Thu Nov 21 13:21:21 IST 2019) into 0, retaining deletes. (kafka.log.LogCleaner)
[2019-11-22 18:00:08,778] INFO Cleaner 0: Swapping in cleaned segment LogSegment(baseOffset=0, size=1307) for segment(s) List(LogSegment(baseOffset=0, size=59404)) in log Log(B:\tmp\kafka-logs\__consumer_offsets-16) (kafka.log.LogCleaner)
[2019-11-22 18:00:08,856] INFO Cleaner 0: Beginning cleaning of log __consumer_offsets-16. (kafka.log.LogCleaner)
[2019-11-22 18:00:08,856] INFO Cleaner 0: Building offset map for __consumer_offsets-16... (kafka.log.LogCleaner)
[2019-11-22 18:00:08,872] INFO Cleaner 0: Building offset map for log __consumer_offsets-16 for 1 segments in offset range [0, 413). (kafka.log.LogCleaner)
[2019-11-22 18:00:08,874] INFO Cleaner 0: Offset map for log __consumer_offsets-16 complete. (kafka.log.LogCleaner)
[2019-11-22 18:00:08,874] INFO Cleaner 0: Cleaning log __consumer_offsets-16 (cleaning prior to Thu Nov 21 13:21:21 IST 2019, discarding tombstones prior to Thu Jan 01 02:00:00 IST 1970)... (kafka.log.LogCleaner)
[2019-11-22 18:00:08,941] INFO Cleaner 0: Beginning cleaning of log __consumer_offsets-16. (kafka.log.LogCleaner)
[2019-11-22 18:00:08,941] INFO Cleaner 0: Building offset map for __consumer_offsets-16... (kafka.log.LogCleaner)
[2019-11-22 18:00:08,958] INFO Cleaner 0: Building offset map for log __consumer_offsets-16 for 1 segments in offset range [0, 413). (kafka.log.LogCleaner)
[2019-11-22 18:00:08,960] INFO Cleaner 0: Offset map for log __consumer_offsets-16 complete. (kafka.log.LogCleaner)
[2019-11-22 18:00:08,960] INFO Cleaner 0: Cleaning log __consumer_offsets-16 (cleaning prior to Thu Nov 21 13:21:21 IST 2019, discarding tombstones prior to Thu Jan 01 02:00:00 IST 1970)... (kafka.log.LogCleaner)
[2019-11-22 18:00:09,043] INFO Cleaner 0: Beginning cleaning of log __consumer_offsets-16. (kafka.log.LogCleaner)
[2019-11-22 18:00:09,043] INFO Cleaner 0: Building offset map for __consumer_offsets-16... (kafka.log.LogCleaner)
[2019-11-22 18:00:09,059] INFO Cleaner 0: Building offset map for log __consumer_offsets-16 for 1 segments in offset range [0, 413). (kafka.log.LogCleaner)
[2019-11-22 18:00:09,063] INFO Cleaner 0: Offset map for log __consumer_offsets-16 complete. (kafka.log.LogCleaner)
[2019-11-22 18:00:09,063] INFO Cleaner 0: Cleaning log __consumer_offsets-16 (cleaning prior to Thu Nov 21 13:21:21 IST 2019, discarding tombstones prior to Thu Jan 01 02:00:00 IST 1970)... (kafka.log.LogCleaner)
[2019-11-22 18:00:09,148] INFO Cleaner 0: Beginning cleaning of log __consumer_offsets-16. (kafka.log.LogCleaner)
[2019-11-22 18:00:09,148] INFO Cleaner 0: Building offset map for __consumer_offsets-16... (kafka.log.LogCleaner)
[2019-11-22 18:00:09,165] INFO Cleaner 0: Building offset map for log __consumer_offsets-16 for 1 segments in offset range [0, 413). (kafka.log.LogCleaner)
[2019-11-22 18:00:09,169] INFO Cleaner 0: Offset map for log __consumer_offsets-16 complete. (kafka.log.LogCleaner)
[2019-11-22 18:00:09,169] INFO Cleaner 0: Cleaning log __consumer_offsets-16 (cleaning prior to Thu Nov 21 13:21:21 IST 2019, discarding tombstones prior to Thu Jan 01 02:00:00 IST 1970)... (kafka.log.LogCleaner)
[2019-11-22 18:00:25,095] INFO Starting the log cleaner (kafka.log.LogCleaner)
[2019-11-22 18:00:25,183] INFO [kafka-log-cleaner-thread-0]: Starting (kafka.log.LogCleaner)
[2019-11-22 18:00:25,212] INFO Cleaner 0: Beginning cleaning of log __consumer_offsets-16. (kafka.log.LogCleaner)
[2019-11-22 18:00:25,212] INFO Cleaner 0: Building offset map for __consumer_offsets-16... (kafka.log.LogCleaner)
[2019-11-22 18:00:25,232] INFO Cleaner 0: Building offset map for log __consumer_offsets-16 for 1 segments in offset range [0, 413). (kafka.log.LogCleaner)
[2019-11-22 18:00:25,293] INFO Cleaner 0: Offset map for log __consumer_offsets-16 complete. (kafka.log.LogCleaner)
[2019-11-22 18:00:25,303] INFO Cleaner 0: Cleaning log __consumer_offsets-16 (cleaning prior to Thu Nov 21 13:21:21 IST 2019, discarding tombstones prior to Thu Jan 01 02:00:00 IST 1970)... (kafka.log.LogCleaner)
[2019-11-22 18:00:25,309] INFO Cleaner 0: Cleaning segment 0 in log __consumer_offsets-16 (largest timestamp Thu Nov 21 13:21:21 IST 2019) into 0, retaining deletes. (kafka.log.LogCleaner)
[2019-11-22 18:00:25,528] INFO Cleaner 0: Swapping in cleaned segment LogSegment(baseOffset=0, size=1307) for segment(s) List(LogSegment(baseOffset=0, size=59404)) in log Log(B:\tmp\kafka-logs\__consumer_offsets-16) (kafka.log.LogCleaner)
[2019-11-22 18:00:25,628] INFO Cleaner 0: Beginning cleaning of log __consumer_offsets-16. (kafka.log.LogCleaner)
[2019-11-22 18:00:25,628] INFO Cleaner 0: Building offset map for __consumer_offsets-16... (kafka.log.LogCleaner)
[2019-11-22 18:00:25,649] INFO Cleaner 0: Building offset map for log __consumer_offsets-16 for 1 segments in offset range [0, 413). (kafka.log.LogCleaner)
[2019-11-22 18:00:25,662] INFO Cleaner 0: Offset map for log __consumer_offsets-16 complete. (kafka.log.LogCleaner)
[2019-11-22 18:00:25,662] INFO Cleaner 0: Cleaning log __consumer_offsets-16 (cleaning prior to Thu Nov 21 13:21:21 IST 2019, discarding tombstones prior to Thu Jan 01 02:00:00 IST 1970)... (kafka.log.LogCleaner)
[2019-11-22 18:01:01,914] INFO Starting the log cleaner (kafka.log.LogCleaner)
[2019-11-22 18:01:02,006] INFO [kafka-log-cleaner-thread-0]: Starting (kafka.log.LogCleaner)
[2019-11-22 18:01:02,036] INFO Cleaner 0: Beginning cleaning of log __consumer_offsets-16. (kafka.log.LogCleaner)
[2019-11-22 18:01:02,036] INFO Cleaner 0: Building offset map for __consumer_offsets-16... (kafka.log.LogCleaner)
[2019-11-22 18:01:02,057] INFO Cleaner 0: Building offset map for log __consumer_offsets-16 for 1 segments in offset range [0, 413). (kafka.log.LogCleaner)
[2019-11-22 18:01:02,110] INFO Cleaner 0: Offset map for log __consumer_offsets-16 complete. (kafka.log.LogCleaner)
[2019-11-22 18:01:02,116] INFO Cleaner 0: Cleaning log __consumer_offsets-16 (cleaning prior to Thu Nov 21 13:21:21 IST 2019, discarding tombstones prior to Thu Jan 01 02:00:00 IST 1970)... (kafka.log.LogCleaner)
[2019-11-22 18:01:02,121] INFO Cleaner 0: Cleaning segment 0 in log __consumer_offsets-16 (largest timestamp Thu Nov 21 13:21:21 IST 2019) into 0, retaining deletes. (kafka.log.LogCleaner)
[2019-11-22 18:01:02,342] INFO Cleaner 0: Swapping in cleaned segment LogSegment(baseOffset=0, size=1307) for segment(s) List(LogSegment(baseOffset=0, size=59404)) in log Log(B:\tmp\kafka-logs\__consumer_offsets-16) (kafka.log.LogCleaner)
[2019-11-22 18:01:02,470] INFO Cleaner 0: Beginning cleaning of log __consumer_offsets-16. (kafka.log.LogCleaner)
[2019-11-22 18:01:02,470] INFO Cleaner 0: Building offset map for __consumer_offsets-16... (kafka.log.LogCleaner)
[2019-11-22 18:01:02,498] INFO Cleaner 0: Building offset map for log __consumer_offsets-16 for 1 segments in offset range [0, 413). (kafka.log.LogCleaner)
[2019-11-22 18:01:02,517] INFO Cleaner 0: Offset map for log __consumer_offsets-16 complete. (kafka.log.LogCleaner)
[2019-11-22 18:01:02,517] INFO Cleaner 0: Cleaning log __consumer_offsets-16 (cleaning prior to Thu Nov 21 13:21:21 IST 2019, discarding tombstones prior to Thu Jan 01 02:00:00 IST 1970)... (kafka.log.LogCleaner)
[2019-11-22 18:06:54,418] INFO Starting the log cleaner (kafka.log.LogCleaner)
[2019-11-22 18:06:54,549] INFO [kafka-log-cleaner-thread-0]: Starting (kafka.log.LogCleaner)
[2019-11-22 18:06:54,615] INFO Cleaner 0: Beginning cleaning of log __consumer_offsets-16. (kafka.log.LogCleaner)
[2019-11-22 18:06:54,616] INFO Cleaner 0: Building offset map for __consumer_offsets-16... (kafka.log.LogCleaner)
[2019-11-22 18:06:54,638] INFO Cleaner 0: Building offset map for log __consumer_offsets-16 for 1 segments in offset range [0, 413). (kafka.log.LogCleaner)
[2019-11-22 18:06:54,687] INFO Cleaner 0: Offset map for log __consumer_offsets-16 complete. (kafka.log.LogCleaner)
[2019-11-22 18:06:54,696] INFO Cleaner 0: Cleaning log __consumer_offsets-16 (cleaning prior to Thu Nov 21 13:21:21 IST 2019, discarding tombstones prior to Thu Jan 01 02:00:00 IST 1970)... (kafka.log.LogCleaner)
[2019-11-22 18:06:54,728] INFO Cleaner 0: Cleaning segment 0 in log __consumer_offsets-16 (largest timestamp Thu Nov 21 13:21:21 IST 2019) into 0, retaining deletes. (kafka.log.LogCleaner)
[2019-11-22 18:06:54,984] INFO Cleaner 0: Swapping in cleaned segment LogSegment(baseOffset=0, size=1307) for segment(s) List(LogSegment(baseOffset=0, size=59404)) in log Log(B:\tmp\kafka-logs\__consumer_offsets-16) (kafka.log.LogCleaner)
[2019-11-22 18:06:55,079] INFO Cleaner 0: Beginning cleaning of log __consumer_offsets-16. (kafka.log.LogCleaner)
[2019-11-22 18:06:55,080] INFO Cleaner 0: Building offset map for __consumer_offsets-16... (kafka.log.LogCleaner)
[2019-11-22 18:06:55,098] INFO Cleaner 0: Building offset map for log __consumer_offsets-16 for 1 segments in offset range [0, 413). (kafka.log.LogCleaner)
[2019-11-22 18:06:55,113] INFO Cleaner 0: Offset map for log __consumer_offsets-16 complete. (kafka.log.LogCleaner)
[2019-11-22 18:06:55,114] INFO Cleaner 0: Cleaning log __consumer_offsets-16 (cleaning prior to Thu Nov 21 13:21:21 IST 2019, discarding tombstones prior to Thu Jan 01 02:00:00 IST 1970)... (kafka.log.LogCleaner)
[2019-11-22 18:06:55,223] INFO Cleaner 0: Beginning cleaning of log __consumer_offsets-16. (kafka.log.LogCleaner)
[2019-11-22 18:06:55,223] INFO Cleaner 0: Building offset map for __consumer_offsets-16... (kafka.log.LogCleaner)
[2019-11-22 18:06:55,239] INFO Cleaner 0: Building offset map for log __consumer_offsets-16 for 1 segments in offset range [0, 413). (kafka.log.LogCleaner)
[2019-11-22 18:06:55,246] INFO Cleaner 0: Offset map for log __consumer_offsets-16 complete. (kafka.log.LogCleaner)
[2019-11-22 18:06:55,248] INFO Cleaner 0: Cleaning log __consumer_offsets-16 (cleaning prior to Thu Nov 21 13:21:21 IST 2019, discarding tombstones prior to Thu Jan 01 02:00:00 IST 1970)... (kafka.log.LogCleaner)
[2019-11-22 18:06:55,250] INFO Cleaner 0: Cleaning segment 0 in log __consumer_offsets-16 (largest timestamp Thu Nov 21 13:21:21 IST 2019) into 0, retaining deletes. (kafka.log.LogCleaner)
[2019-11-22 18:07:23,303] INFO Starting the log cleaner (kafka.log.LogCleaner)
[2019-11-22 18:07:23,397] INFO [kafka-log-cleaner-thread-0]: Starting (kafka.log.LogCleaner)
[2019-11-22 18:07:23,429] INFO Cleaner 0: Beginning cleaning of log __consumer_offsets-16. (kafka.log.LogCleaner)
[2019-11-22 18:07:23,430] INFO Cleaner 0: Building offset map for __consumer_offsets-16... (kafka.log.LogCleaner)
[2019-11-22 18:07:23,454] INFO Cleaner 0: Building offset map for log __consumer_offsets-16 for 1 segments in offset range [0, 413). (kafka.log.LogCleaner)
[2019-11-22 18:07:23,511] INFO Cleaner 0: Offset map for log __consumer_offsets-16 complete. (kafka.log.LogCleaner)
[2019-11-22 18:07:23,519] INFO Cleaner 0: Cleaning log __consumer_offsets-16 (cleaning prior to Thu Nov 21 13:21:21 IST 2019, discarding tombstones prior to Thu Jan 01 02:00:00 IST 1970)... (kafka.log.LogCleaner)
[2019-11-22 18:07:23,524] INFO Cleaner 0: Cleaning segment 0 in log __consumer_offsets-16 (largest timestamp Thu Nov 21 13:21:21 IST 2019) into 0, retaining deletes. (kafka.log.LogCleaner)
[2019-11-22 18:07:23,738] INFO Cleaner 0: Swapping in cleaned segment LogSegment(baseOffset=0, size=1307) for segment(s) List(LogSegment(baseOffset=0, size=59404)) in log Log(B:\tmp\kafka-logs\__consumer_offsets-16) (kafka.log.LogCleaner)
[2019-11-22 18:07:23,865] INFO Cleaner 0: Beginning cleaning of log __consumer_offsets-16. (kafka.log.LogCleaner)
[2019-11-22 18:07:23,865] INFO Cleaner 0: Building offset map for __consumer_offsets-16... (kafka.log.LogCleaner)
[2019-11-22 18:07:23,907] INFO Cleaner 0: Building offset map for log __consumer_offsets-16 for 1 segments in offset range [0, 413). (kafka.log.LogCleaner)
[2019-11-22 18:07:23,922] INFO Cleaner 0: Offset map for log __consumer_offsets-16 complete. (kafka.log.LogCleaner)
[2019-11-22 18:07:23,922] INFO Cleaner 0: Cleaning log __consumer_offsets-16 (cleaning prior to Thu Nov 21 13:21:21 IST 2019, discarding tombstones prior to Thu Jan 01 02:00:00 IST 1970)... (kafka.log.LogCleaner)
[2019-11-22 18:07:23,924] INFO Cleaner 0: Cleaning segment 0 in log __consumer_offsets-16 (largest timestamp Thu Nov 21 13:21:21 IST 2019) into 0, retaining deletes. (kafka.log.LogCleaner)
[2019-11-22 18:08:27,379] INFO Starting the log cleaner (kafka.log.LogCleaner)
[2019-11-22 18:08:27,461] INFO [kafka-log-cleaner-thread-0]: Starting (kafka.log.LogCleaner)
[2019-11-22 18:08:27,488] INFO Cleaner 0: Beginning cleaning of log __consumer_offsets-16. (kafka.log.LogCleaner)
[2019-11-22 18:08:27,488] INFO Cleaner 0: Building offset map for __consumer_offsets-16... (kafka.log.LogCleaner)
[2019-11-22 18:08:27,507] INFO Cleaner 0: Building offset map for log __consumer_offsets-16 for 1 segments in offset range [0, 413). (kafka.log.LogCleaner)
[2019-11-22 18:08:27,557] INFO Cleaner 0: Offset map for log __consumer_offsets-16 complete. (kafka.log.LogCleaner)
[2019-11-22 18:08:27,563] INFO Cleaner 0: Cleaning log __consumer_offsets-16 (cleaning prior to Thu Nov 21 13:21:21 IST 2019, discarding tombstones prior to Thu Jan 01 02:00:00 IST 1970)... (kafka.log.LogCleaner)
[2019-11-22 18:08:27,567] INFO Cleaner 0: Cleaning segment 0 in log __consumer_offsets-16 (largest timestamp Thu Nov 21 13:21:21 IST 2019) into 0, retaining deletes. (kafka.log.LogCleaner)
[2019-11-22 18:08:27,849] INFO Cleaner 0: Swapping in cleaned segment LogSegment(baseOffset=0, size=1307) for segment(s) List(LogSegment(baseOffset=0, size=59404)) in log Log(B:\tmp\kafka-logs\__consumer_offsets-16) (kafka.log.LogCleaner)
[2019-11-22 18:08:27,961] INFO Cleaner 0: Beginning cleaning of log __consumer_offsets-16. (kafka.log.LogCleaner)
[2019-11-22 18:08:27,961] INFO Cleaner 0: Building offset map for __consumer_offsets-16... (kafka.log.LogCleaner)
[2019-11-22 18:08:27,996] INFO Cleaner 0: Building offset map for log __consumer_offsets-16 for 1 segments in offset range [0, 413). (kafka.log.LogCleaner)
[2019-11-22 18:08:28,011] INFO Cleaner 0: Offset map for log __consumer_offsets-16 complete. (kafka.log.LogCleaner)
[2019-11-22 18:08:28,011] INFO Cleaner 0: Cleaning log __consumer_offsets-16 (cleaning prior to Thu Nov 21 13:21:21 IST 2019, discarding tombstones prior to Thu Jan 01 02:00:00 IST 1970)... (kafka.log.LogCleaner)
[2019-11-22 18:08:28,093] INFO Cleaner 0: Beginning cleaning of log __consumer_offsets-16. (kafka.log.LogCleaner)
[2019-11-22 18:08:28,093] INFO Cleaner 0: Building offset map for __consumer_offsets-16... (kafka.log.LogCleaner)
[2019-11-22 18:08:28,110] INFO Cleaner 0: Building offset map for log __consumer_offsets-16 for 1 segments in offset range [0, 413). (kafka.log.LogCleaner)
[2019-11-22 18:08:28,113] INFO Cleaner 0: Offset map for log __consumer_offsets-16 complete. (kafka.log.LogCleaner)
[2019-11-22 18:08:28,113] INFO Cleaner 0: Cleaning log __consumer_offsets-16 (cleaning prior to Thu Nov 21 13:21:21 IST 2019, discarding tombstones prior to Thu Jan 01 02:00:00 IST 1970)... (kafka.log.LogCleaner)
[2019-11-22 18:08:28,221] INFO Cleaner 0: Beginning cleaning of log __consumer_offsets-16. (kafka.log.LogCleaner)
[2019-11-22 18:08:28,221] INFO Cleaner 0: Building offset map for __consumer_offsets-16... (kafka.log.LogCleaner)
[2019-11-22 18:08:54,038] INFO Starting the log cleaner (kafka.log.LogCleaner)
[2019-11-22 18:08:54,120] INFO [kafka-log-cleaner-thread-0]: Starting (kafka.log.LogCleaner)
[2019-11-22 18:08:54,148] INFO Cleaner 0: Beginning cleaning of log __consumer_offsets-16. (kafka.log.LogCleaner)
[2019-11-22 18:08:54,149] INFO Cleaner 0: Building offset map for __consumer_offsets-16... (kafka.log.LogCleaner)
[2019-11-22 18:08:54,169] INFO Cleaner 0: Building offset map for log __consumer_offsets-16 for 1 segments in offset range [0, 413). (kafka.log.LogCleaner)
[2019-11-22 18:08:54,218] INFO Cleaner 0: Offset map for log __consumer_offsets-16 complete. (kafka.log.LogCleaner)
[2019-11-22 18:08:54,223] INFO Cleaner 0: Cleaning log __consumer_offsets-16 (cleaning prior to Thu Nov 21 13:21:21 IST 2019, discarding tombstones prior to Thu Jan 01 02:00:00 IST 1970)... (kafka.log.LogCleaner)
[2019-11-22 18:08:54,228] INFO Cleaner 0: Cleaning segment 0 in log __consumer_offsets-16 (largest timestamp Thu Nov 21 13:21:21 IST 2019) into 0, retaining deletes. (kafka.log.LogCleaner)
[2019-11-22 18:08:54,378] INFO Cleaner 0: Swapping in cleaned segment LogSegment(baseOffset=0, size=1307) for segment(s) List(LogSegment(baseOffset=0, size=59404)) in log Log(B:\tmp\kafka-logs\__consumer_offsets-16) (kafka.log.LogCleaner)
[2019-11-22 18:10:52,258] INFO Starting the log cleaner (kafka.log.LogCleaner)
[2019-11-22 18:10:52,342] INFO [kafka-log-cleaner-thread-0]: Starting (kafka.log.LogCleaner)
[2019-11-22 21:00:35,225] INFO Shutting down the log cleaner. (kafka.log.LogCleaner)
[2019-11-22 21:00:35,227] INFO [kafka-log-cleaner-thread-0]: Shutting down (kafka.log.LogCleaner)
[2019-11-22 21:00:35,228] INFO [kafka-log-cleaner-thread-0]: Shutdown completed (kafka.log.LogCleaner)
[2019-11-22 21:00:35,228] INFO [kafka-log-cleaner-thread-0]: Stopped (kafka.log.LogCleaner)
[2019-11-22 21:01:11,856] INFO Starting the log cleaner (kafka.log.LogCleaner)
[2019-11-22 21:01:11,948] INFO [kafka-log-cleaner-thread-0]: Starting (kafka.log.LogCleaner)
[2019-11-22 23:16:54,730] INFO Shutting down the log cleaner. (kafka.log.LogCleaner)
[2019-11-22 23:16:54,754] INFO [kafka-log-cleaner-thread-0]: Shutting down (kafka.log.LogCleaner)
[2019-11-22 23:16:54,755] INFO [kafka-log-cleaner-thread-0]: Stopped (kafka.log.LogCleaner)
[2019-11-22 23:16:54,755] INFO [kafka-log-cleaner-thread-0]: Shutdown completed (kafka.log.LogCleaner)
[2019-12-04 23:12:49,084] INFO Starting the log cleaner (kafka.log.LogCleaner)
[2019-12-04 23:12:49,184] INFO [kafka-log-cleaner-thread-0]: Starting (kafka.log.LogCleaner)
[2019-12-05 00:28:02,179] INFO Shutting down the log cleaner. (kafka.log.LogCleaner)
[2019-12-05 00:28:02,182] INFO [kafka-log-cleaner-thread-0]: Shutting down (kafka.log.LogCleaner)
[2019-12-05 00:28:02,183] INFO [kafka-log-cleaner-thread-0]: Stopped (kafka.log.LogCleaner)
[2019-12-05 00:28:02,183] INFO [kafka-log-cleaner-thread-0]: Shutdown completed (kafka.log.LogCleaner)
[2019-12-05 09:24:33,325] INFO Starting the log cleaner (kafka.log.LogCleaner)
[2019-12-05 09:24:33,452] INFO [kafka-log-cleaner-thread-0]: Starting (kafka.log.LogCleaner)
[2019-12-05 10:13:22,821] INFO Shutting down the log cleaner. (kafka.log.LogCleaner)
[2019-12-05 10:13:23,163] INFO [kafka-log-cleaner-thread-0]: Shutting down (kafka.log.LogCleaner)
[2019-12-05 10:13:23,164] INFO [kafka-log-cleaner-thread-0]: Stopped (kafka.log.LogCleaner)
[2019-12-05 10:13:23,164] INFO [kafka-log-cleaner-thread-0]: Shutdown completed (kafka.log.LogCleaner)
[2019-12-06 07:47:43,181] INFO Starting the log cleaner (kafka.log.LogCleaner)
[2019-12-06 07:47:43,402] INFO [kafka-log-cleaner-thread-0]: Starting (kafka.log.LogCleaner)
[2019-12-06 07:57:53,338] INFO Shutting down the log cleaner. (kafka.log.LogCleaner)
[2019-12-06 07:57:53,339] INFO [kafka-log-cleaner-thread-0]: Shutting down (kafka.log.LogCleaner)
[2019-12-06 07:57:53,341] INFO [kafka-log-cleaner-thread-0]: Stopped (kafka.log.LogCleaner)
[2019-12-06 07:57:53,341] INFO [kafka-log-cleaner-thread-0]: Shutdown completed (kafka.log.LogCleaner)
