[2019-11-14 13:37:38,854] INFO Starting the log cleaner (kafka.log.LogCleaner)
[2019-11-14 13:37:38,952] INFO [kafka-log-cleaner-thread-0]: Starting (kafka.log.LogCleaner)
[2019-11-14 14:16:56,776] INFO Starting the log cleaner (kafka.log.LogCleaner)
[2019-11-14 14:16:56,866] INFO [kafka-log-cleaner-thread-0]: Starting (kafka.log.LogCleaner)
[2019-11-14 14:26:07,050] INFO Shutting down the log cleaner. (kafka.log.LogCleaner)
[2019-11-14 14:26:07,051] INFO [kafka-log-cleaner-thread-0]: Shutting down (kafka.log.LogCleaner)
[2019-11-14 14:26:07,051] INFO [kafka-log-cleaner-thread-0]: Stopped (kafka.log.LogCleaner)
[2019-11-14 14:26:07,051] INFO [kafka-log-cleaner-thread-0]: Shutdown completed (kafka.log.LogCleaner)
[2019-11-14 14:26:40,400] INFO Starting the log cleaner (kafka.log.LogCleaner)
[2019-11-14 14:26:40,490] INFO [kafka-log-cleaner-thread-0]: Starting (kafka.log.LogCleaner)
[2019-11-14 14:32:31,540] INFO Shutting down the log cleaner. (kafka.log.LogCleaner)
[2019-11-14 14:32:31,540] INFO [kafka-log-cleaner-thread-0]: Shutting down (kafka.log.LogCleaner)
[2019-11-14 14:32:31,541] INFO [kafka-log-cleaner-thread-0]: Stopped (kafka.log.LogCleaner)
[2019-11-14 14:32:31,541] INFO [kafka-log-cleaner-thread-0]: Shutdown completed (kafka.log.LogCleaner)
[2019-11-14 14:33:09,440] INFO Starting the log cleaner (kafka.log.LogCleaner)
[2019-11-14 14:33:09,541] INFO [kafka-log-cleaner-thread-0]: Starting (kafka.log.LogCleaner)
[2019-11-14 14:42:36,298] INFO Shutting down the log cleaner. (kafka.log.LogCleaner)
[2019-11-14 14:42:36,299] INFO [kafka-log-cleaner-thread-0]: Shutting down (kafka.log.LogCleaner)
[2019-11-14 14:42:36,299] INFO [kafka-log-cleaner-thread-0]: Stopped (kafka.log.LogCleaner)
[2019-11-14 14:42:36,299] INFO [kafka-log-cleaner-thread-0]: Shutdown completed (kafka.log.LogCleaner)
[2019-11-19 21:37:10,987] INFO Starting the log cleaner (kafka.log.LogCleaner)
[2019-11-19 21:37:11,105] INFO [kafka-log-cleaner-thread-0]: Starting (kafka.log.LogCleaner)
[2019-11-19 22:45:52,516] INFO Shutting down the log cleaner. (kafka.log.LogCleaner)
[2019-11-19 22:45:52,520] INFO [kafka-log-cleaner-thread-0]: Shutting down (kafka.log.LogCleaner)
[2019-11-19 22:45:52,521] INFO [kafka-log-cleaner-thread-0]: Stopped (kafka.log.LogCleaner)
[2019-11-19 22:45:52,521] INFO [kafka-log-cleaner-thread-0]: Shutdown completed (kafka.log.LogCleaner)
[2019-11-20 10:22:42,293] INFO Starting the log cleaner (kafka.log.LogCleaner)
[2019-11-20 10:22:42,456] INFO [kafka-log-cleaner-thread-0]: Starting (kafka.log.LogCleaner)
[2019-11-20 11:00:47,049] INFO Shutting down the log cleaner. (kafka.log.LogCleaner)
[2019-11-20 11:00:47,052] INFO [kafka-log-cleaner-thread-0]: Shutting down (kafka.log.LogCleaner)
[2019-11-20 11:00:47,053] INFO [kafka-log-cleaner-thread-0]: Stopped (kafka.log.LogCleaner)
[2019-11-20 11:00:47,053] INFO [kafka-log-cleaner-thread-0]: Shutdown completed (kafka.log.LogCleaner)
[2019-11-20 11:01:42,536] INFO Starting the log cleaner (kafka.log.LogCleaner)
[2019-11-20 11:01:42,699] INFO [kafka-log-cleaner-thread-0]: Starting (kafka.log.LogCleaner)
[2019-11-20 11:06:08,013] INFO Shutting down the log cleaner. (kafka.log.LogCleaner)
[2019-11-20 11:06:08,014] INFO [kafka-log-cleaner-thread-0]: Shutting down (kafka.log.LogCleaner)
[2019-11-20 11:06:08,014] INFO [kafka-log-cleaner-thread-0]: Stopped (kafka.log.LogCleaner)
[2019-11-20 11:06:08,014] INFO [kafka-log-cleaner-thread-0]: Shutdown completed (kafka.log.LogCleaner)
[2019-11-20 11:09:13,475] INFO Starting the log cleaner (kafka.log.LogCleaner)
[2019-11-20 11:09:13,574] INFO [kafka-log-cleaner-thread-0]: Starting (kafka.log.LogCleaner)
[2019-11-20 11:12:32,845] INFO Shutting down the log cleaner. (kafka.log.LogCleaner)
[2019-11-20 11:12:32,846] INFO [kafka-log-cleaner-thread-0]: Shutting down (kafka.log.LogCleaner)
[2019-11-20 11:12:32,846] INFO [kafka-log-cleaner-thread-0]: Stopped (kafka.log.LogCleaner)
[2019-11-20 11:12:32,847] INFO [kafka-log-cleaner-thread-0]: Shutdown completed (kafka.log.LogCleaner)
[2019-11-20 11:19:38,257] INFO Starting the log cleaner (kafka.log.LogCleaner)
[2019-11-20 11:19:38,347] INFO [kafka-log-cleaner-thread-0]: Starting (kafka.log.LogCleaner)
[2019-11-20 11:23:57,567] INFO Shutting down the log cleaner. (kafka.log.LogCleaner)
[2019-11-20 11:23:57,567] INFO [kafka-log-cleaner-thread-0]: Shutting down (kafka.log.LogCleaner)
[2019-11-20 11:23:57,568] INFO [kafka-log-cleaner-thread-0]: Stopped (kafka.log.LogCleaner)
[2019-11-20 11:23:57,568] INFO [kafka-log-cleaner-thread-0]: Shutdown completed (kafka.log.LogCleaner)
[2019-11-20 11:24:30,662] INFO Starting the log cleaner (kafka.log.LogCleaner)
[2019-11-20 11:24:30,753] INFO [kafka-log-cleaner-thread-0]: Starting (kafka.log.LogCleaner)
[2019-11-20 11:26:38,753] INFO Shutting down the log cleaner. (kafka.log.LogCleaner)
[2019-11-20 11:26:38,753] INFO [kafka-log-cleaner-thread-0]: Shutting down (kafka.log.LogCleaner)
[2019-11-20 11:26:38,754] INFO [kafka-log-cleaner-thread-0]: Stopped (kafka.log.LogCleaner)
[2019-11-20 11:26:38,754] INFO [kafka-log-cleaner-thread-0]: Shutdown completed (kafka.log.LogCleaner)
[2019-11-20 11:27:37,511] INFO Starting the log cleaner (kafka.log.LogCleaner)
[2019-11-20 11:27:37,626] INFO [kafka-log-cleaner-thread-0]: Starting (kafka.log.LogCleaner)
[2019-11-20 11:52:41,813] INFO Shutting down the log cleaner. (kafka.log.LogCleaner)
[2019-11-20 11:52:41,814] INFO [kafka-log-cleaner-thread-0]: Shutting down (kafka.log.LogCleaner)
[2019-11-20 11:52:41,814] INFO [kafka-log-cleaner-thread-0]: Stopped (kafka.log.LogCleaner)
[2019-11-20 11:52:41,814] INFO [kafka-log-cleaner-thread-0]: Shutdown completed (kafka.log.LogCleaner)
[2019-11-20 11:53:46,341] INFO Starting the log cleaner (kafka.log.LogCleaner)
[2019-11-20 11:53:46,426] INFO [kafka-log-cleaner-thread-0]: Starting (kafka.log.LogCleaner)
[2019-11-20 14:19:16,884] INFO Shutting down the log cleaner. (kafka.log.LogCleaner)
[2019-11-20 14:19:16,887] INFO [kafka-log-cleaner-thread-0]: Shutting down (kafka.log.LogCleaner)
[2019-11-20 14:19:16,888] INFO [kafka-log-cleaner-thread-0]: Stopped (kafka.log.LogCleaner)
[2019-11-20 14:19:16,888] INFO [kafka-log-cleaner-thread-0]: Shutdown completed (kafka.log.LogCleaner)
[2019-11-20 23:54:04,288] INFO Starting the log cleaner (kafka.log.LogCleaner)
[2019-11-20 23:54:04,403] INFO [kafka-log-cleaner-thread-0]: Starting (kafka.log.LogCleaner)
[2019-11-21 00:16:01,130] INFO Shutting down the log cleaner. (kafka.log.LogCleaner)
[2019-11-21 00:16:01,136] INFO [kafka-log-cleaner-thread-0]: Shutting down (kafka.log.LogCleaner)
[2019-11-21 00:16:01,137] INFO [kafka-log-cleaner-thread-0]: Stopped (kafka.log.LogCleaner)
[2019-11-21 00:16:01,137] INFO [kafka-log-cleaner-thread-0]: Shutdown completed (kafka.log.LogCleaner)
[2019-11-21 09:17:52,771] INFO Starting the log cleaner (kafka.log.LogCleaner)
[2019-11-21 09:17:52,896] INFO [kafka-log-cleaner-thread-0]: Starting (kafka.log.LogCleaner)
[2019-11-21 10:18:37,119] INFO Shutting down the log cleaner. (kafka.log.LogCleaner)
[2019-11-21 10:18:37,122] INFO [kafka-log-cleaner-thread-0]: Shutting down (kafka.log.LogCleaner)
[2019-11-21 10:18:37,123] INFO [kafka-log-cleaner-thread-0]: Stopped (kafka.log.LogCleaner)
[2019-11-21 10:18:37,123] INFO [kafka-log-cleaner-thread-0]: Shutdown completed (kafka.log.LogCleaner)
[2019-11-21 10:19:35,770] INFO Starting the log cleaner (kafka.log.LogCleaner)
[2019-11-21 10:19:35,856] INFO [kafka-log-cleaner-thread-0]: Starting (kafka.log.LogCleaner)
[2019-11-21 10:40:36,319] INFO Shutting down the log cleaner. (kafka.log.LogCleaner)
[2019-11-21 10:40:36,319] INFO [kafka-log-cleaner-thread-0]: Shutting down (kafka.log.LogCleaner)
[2019-11-21 10:40:36,320] INFO [kafka-log-cleaner-thread-0]: Stopped (kafka.log.LogCleaner)
[2019-11-21 10:40:36,320] INFO [kafka-log-cleaner-thread-0]: Shutdown completed (kafka.log.LogCleaner)
[2019-11-21 10:41:44,895] INFO Starting the log cleaner (kafka.log.LogCleaner)
[2019-11-21 10:41:44,982] INFO [kafka-log-cleaner-thread-0]: Starting (kafka.log.LogCleaner)
